Log Time : 04-03-2018 13:30:05
Log Level : ERROR
UserName : admin
ControllerName : DataSources
ActionName : Index
----------------------------------------------------------------------------------------------------------
Source:	System.Web
Target:	System.Object GetPropertyValue(System.Object, System.String)
Type:	HttpException
Message:	DataBinding: 'CMSLib.DataTypes' does not contain a property with the name 'UserTypeDesc'.
Stack:	   at System.Web.UI.DataBinder.GetPropertyValue(Object container, String propName)
   at System.Web.UI.DataBinder.Eval(Object container, String[] expressionParts)
   at System.Web.UI.DataBinder.Eval(Object container, String expression)
   at System.Web.Mvc.MultiSelectList.Eval(Object container, String expression)
   at System.Web.Mvc.MultiSelectList.<>c__DisplayClass2.<GetListItemsWithValueField>b__1(Object item)
   at System.Linq.Enumerable.WhereSelectEnumerableIterator`2.MoveNext()
   at System.Collections.Generic.List`1..ctor(IEnumerable`1 collection)
   at System.Linq.Enumerable.ToList[TSource](IEnumerable`1 source)
   at System.Web.Mvc.MultiSelectList.GetListItemsWithValueField()
   at System.Web.Mvc.MultiSelectList.GetListItems()
   at System.Web.Mvc.MultiSelectList.GetEnumerator()
   at System.Collections.Generic.List`1.InsertRange(Int32 index, IEnumerable`1 collection)
   at hCMS.Library.CmsExtensions.AddDefaultOption(IEnumerable`1 list, String dataTextField, String selectedValue) in D:\hieuhan\hCMS\hCMS\AppCode\CmsExtensions.cs:line 81
   at ASP._Page_Views_DataSources_Index_cshtml.Execute() in D:\hieuhan\hCMS\hCMS\Views\DataSources\Index.cshtml:line 54
   at System.Web.WebPages.WebPageBase.ExecutePageHierarchy()
   at System.Web.Mvc.WebViewPage.ExecutePageHierarchy()
   at System.Web.WebPages.StartPage.RunPage()
   at System.Web.WebPages.StartPage.ExecutePageHierarchy()
   at System.Web.WebPages.WebPageBase.ExecutePageHierarchy(WebPageContext pageContext, TextWriter writer, WebPageRenderingBase startPage)
   at System.Web.Mvc.RazorView.RenderView(ViewContext viewContext, TextWriter writer, Object instance)
   at System.Web.Mvc.BuildManagerCompiledView.Render(ViewContext viewContext, TextWriter writer)
   at System.Web.Mvc.ViewResultBase.ExecuteResult(ControllerContext context)
   at System.Web.Mvc.ControllerActionInvoker.InvokeActionResult(ControllerContext controllerContext, ActionResult actionResult)
   at System.Web.Mvc.ControllerActionInvoker.InvokeActionResultFilterRecursive(IList`1 filters, Int32 filterIndex, ResultExecutingContext preContext, ControllerContext controllerContext, ActionResult actionResult)
   at System.Web.Mvc.ControllerActionInvoker.InvokeActionResultFilterRecursive(IList`1 filters, Int32 filterIndex, ResultExecutingContext preContext, ControllerContext controllerContext, ActionResult actionResult)
   at System.Web.Mvc.ControllerActionInvoker.InvokeActionResultWithFilters(ControllerContext controllerContext, IList`1 filters, ActionResult actionResult)
   at System.Web.Mvc.Async.AsyncControllerActionInvoker.<>c__DisplayClass21.<>c__DisplayClass2b.<BeginInvokeAction>b__1c()
   at System.Web.Mvc.Async.AsyncControllerActionInvoker.<>c__DisplayClass21.<BeginInvokeAction>b__1e(IAsyncResult asyncResult)
==========================================================================================================
