Log Time : 04-03-2018 00:12:09
Log Level : ERROR
UserName : admin
ControllerName : Sites
ActionName : Index
----------------------------------------------------------------------------------------------------------
Source:	.Net SqlClient Data Provider
Target:	System.Collections.Generic.List`1[CMSLib.Users] GetAll()
Type:	SqlException
Message:	Invalid object name 'V$UsersAll'.
Stack:	   at CMSLib.Users.GetAll() in D:\hieuhan\hCMS\CMSLib\Users.cs:line 832
   at hCMS.Models.Sites.SitesModel.get_ListUsers() in D:\hieuhan\hCMS\hCMS\Models\Sites\SitesModel.cs:line 18
   at ASP._Page_Views_Sites_Index_cshtml.Execute() in D:\hieuhan\hCMS\hCMS\Views\Sites\Index.cshtml:line 68
   at System.Web.WebPages.WebPageBase.ExecutePageHierarchy()
   at System.Web.Mvc.WebViewPage.ExecutePageHierarchy()
   at System.Web.WebPages.StartPage.RunPage()
   at System.Web.WebPages.StartPage.ExecutePageHierarchy()
   at System.Web.WebPages.WebPageBase.ExecutePageHierarchy(WebPageContext pageContext, TextWriter writer, WebPageRenderingBase startPage)
   at System.Web.Mvc.RazorView.RenderView(ViewContext viewContext, TextWriter writer, Object instance)
   at System.Web.Mvc.BuildManagerCompiledView.Render(ViewContext viewContext, TextWriter writer)
   at System.Web.Mvc.ViewResultBase.ExecuteResult(ControllerContext context)
   at System.Web.Mvc.ControllerActionInvoker.InvokeActionResult(ControllerContext controllerContext, ActionResult actionResult)
   at System.Web.Mvc.ControllerActionInvoker.InvokeActionResultFilterRecursive(IList`1 filters, Int32 filterIndex, ResultExecutingContext preContext, ControllerContext controllerContext, ActionResult actionResult)
   at System.Web.Mvc.ControllerActionInvoker.InvokeActionResultFilterRecursive(IList`1 filters, Int32 filterIndex, ResultExecutingContext preContext, ControllerContext controllerContext, ActionResult actionResult)
   at System.Web.Mvc.ControllerActionInvoker.InvokeActionResultWithFilters(ControllerContext controllerContext, IList`1 filters, ActionResult actionResult)
   at System.Web.Mvc.Async.AsyncControllerActionInvoker.<>c__DisplayClass21.<>c__DisplayClass2b.<BeginInvokeAction>b__1c()
   at System.Web.Mvc.Async.AsyncControllerActionInvoker.<>c__DisplayClass21.<BeginInvokeAction>b__1e(IAsyncResult asyncResult)
==========================================================================================================
